<?xml version="1.0" encoding="UTF-8"?>
<testng-results skipped="4" failed="0" total="4" passed="0">
  <reporter-output>
  </reporter-output>
  <suite name="Default suite" duration-ms="11431" started-at="2020-02-28T08:43:10Z" finished-at="2020-02-28T08:43:21Z">
    <groups>
    </groups>
    <test name="Default test" duration-ms="11431" started-at="2020-02-28T08:43:10Z" finished-at="2020-02-28T08:43:21Z">
      <class name="com.examples.Datadriven">
        <test-method status="PASS" signature="registerWebDriver()[pri:0, instance:com.examples.Datadriven@36d64342]" name="registerWebDriver" is-config="true" duration-ms="0" started-at="2020-02-28T14:13:10Z" finished-at="2020-02-28T14:13:10Z">
          <reporter-output>
          </reporter-output>
        </test-method> <!-- registerWebDriver -->
        <test-method status="FAIL" signature="launchBrowser()[pri:0, instance:com.examples.Datadriven@36d64342]" name="launchBrowser" is-config="true" duration-ms="0" started-at="2020-02-28T14:13:10Z" finished-at="2020-02-28T14:13:10Z">
          <exception class="org.openqa.selenium.NoSuchElementException">
            <message>
              <![CDATA[Cannot locate an element using link text=Dismiss
For documentation on this error, please visit: https://selenium.dev/exceptions/#no_such_element
Build info: version: '4.0.0-alpha-4', revision: 'c2d955b49e'
System info: host: 'BLT1020', ip: '192.168.1.20', os.name: 'Windows 7', os.arch: 'amd64', os.version: '6.1', java.version: '1.8.0_221'
Driver info: driver.version: RemoteWebDriver]]>
            </message>
            <full-stacktrace>
              <![CDATA[org.openqa.selenium.NoSuchElementException: Cannot locate an element using link text=Dismiss
For documentation on this error, please visit: https://selenium.dev/exceptions/#no_such_element
Build info: version: '4.0.0-alpha-4', revision: 'c2d955b49e'
System info: host: 'BLT1020', ip: '192.168.1.20', os.name: 'Windows 7', os.arch: 'amd64', os.version: '6.1', java.version: '1.8.0_221'
Driver info: driver.version: RemoteWebDriver
	at org.openqa.selenium.remote.RemoteWebDriver.findElement(RemoteWebDriver.java:336)
	at org.openqa.selenium.remote.RemoteWebDriver.findElementByLinkText(RemoteWebDriver.java:391)
	at org.openqa.selenium.By$ByLinkText.findElement(By.java:233)
	at org.openqa.selenium.remote.RemoteWebDriver.findElement(RemoteWebDriver.java:325)
	at com.examples.Datadriven.launchBrowser(Datadriven.java:57)
	at sun.reflect.NativeMethodAccessorImpl.invoke0(Native Method)
	at sun.reflect.NativeMethodAccessorImpl.invoke(Unknown Source)
	at sun.reflect.DelegatingMethodAccessorImpl.invoke(Unknown Source)
	at java.lang.reflect.Method.invoke(Unknown Source)
	at org.testng.internal.MethodInvocationHelper.invokeMethod(MethodInvocationHelper.java:80)
	at org.testng.internal.Invoker.invokeConfigurationMethod(Invoker.java:564)
	at org.testng.internal.Invoker.invokeConfigurations(Invoker.java:213)
	at org.testng.internal.Invoker.invokeMethod(Invoker.java:653)
	at org.testng.internal.Invoker.invokeTestMethod(Invoker.java:901)
	at org.testng.internal.Invoker.invokeTestMethods(Invoker.java:1231)
	at org.testng.internal.TestMethodWorker.invokeTestMethods(TestMethodWorker.java:127)
	at org.testng.internal.TestMethodWorker.run(TestMethodWorker.java:111)
	at org.testng.TestRunner.privateRun(TestRunner.java:767)
	at org.testng.TestRunner.run(TestRunner.java:617)
	at org.testng.SuiteRunner.runTest(SuiteRunner.java:334)
	at org.testng.SuiteRunner.runSequentially(SuiteRunner.java:329)
	at org.testng.SuiteRunner.privateRun(SuiteRunner.java:291)
	at org.testng.SuiteRunner.run(SuiteRunner.java:240)
	at org.testng.SuiteRunnerWorker.runSuite(SuiteRunnerWorker.java:52)
	at org.testng.SuiteRunnerWorker.run(SuiteRunnerWorker.java:86)
	at org.testng.TestNG.runSuitesSequentially(TestNG.java:1198)
	at org.testng.TestNG.runSuitesLocally(TestNG.java:1123)
	at org.testng.TestNG.run(TestNG.java:1031)
	at org.testng.remote.RemoteTestNG.run(RemoteTestNG.java:115)
	at org.testng.remote.RemoteTestNG.initAndRun(RemoteTestNG.java:207)
	at org.testng.remote.RemoteTestNG.main(RemoteTestNG.java:178)
]]>
            </full-stacktrace>
          </exception> <!-- org.openqa.selenium.NoSuchElementException -->
          <reporter-output>
          </reporter-output>
        </test-method> <!-- launchBrowser -->
        <test-method status="SKIP" signature="login(java.lang.String, java.lang.String, java.lang.String)[pri:0, instance:com.examples.Datadriven@36d64342]" name="login" duration-ms="0" started-at="2020-02-28T14:13:20Z" data-provider="user_credentails" finished-at="2020-02-28T14:13:20Z">
          <params>
            <param index="0">
              <value>
                <![CDATA[Bltuser1]]>
              </value>
            </param>
            <param index="1">
              <value>
                <![CDATA[Bltuser@1]]>
              </value>
            </param>
            <param index="2">
              <value>
                <![CDATA[Bltuser1@gmail.com]]>
              </value>
            </param>
          </params>
          <reporter-output>
          </reporter-output>
        </test-method> <!-- login -->
        <test-method status="SKIP" signature="launchBrowser()[pri:0, instance:com.examples.Datadriven@36d64342]" name="launchBrowser" is-config="true" duration-ms="0" started-at="2020-02-28T14:13:20Z" finished-at="2020-02-28T14:13:20Z">
          <reporter-output>
          </reporter-output>
        </test-method> <!-- launchBrowser -->
        <test-method status="SKIP" signature="logout()[pri:0, instance:com.examples.Datadriven@36d64342]" name="logout" is-config="true" duration-ms="0" started-at="2020-02-28T14:13:20Z" finished-at="2020-02-28T14:13:20Z">
          <reporter-output>
          </reporter-output>
        </test-method> <!-- logout -->
        <test-method status="SKIP" signature="login(java.lang.String, java.lang.String, java.lang.String)[pri:0, instance:com.examples.Datadriven@36d64342]" name="login" duration-ms="0" started-at="2020-02-28T14:13:20Z" data-provider="user_credentails" finished-at="2020-02-28T14:13:20Z">
          <params>
            <param index="0">
              <value>
                <![CDATA[Bltuser2]]>
              </value>
            </param>
            <param index="1">
              <value>
                <![CDATA[Bltuser@2]]>
              </value>
            </param>
            <param index="2">
              <value>
                <![CDATA[Bltuser2@gmail.com]]>
              </value>
            </param>
          </params>
          <reporter-output>
          </reporter-output>
        </test-method> <!-- login -->
        <test-method status="SKIP" signature="logout()[pri:0, instance:com.examples.Datadriven@36d64342]" name="logout" is-config="true" duration-ms="0" started-at="2020-02-28T14:13:20Z" finished-at="2020-02-28T14:13:20Z">
          <reporter-output>
          </reporter-output>
        </test-method> <!-- logout -->
        <test-method status="SKIP" signature="launchBrowser()[pri:0, instance:com.examples.Datadriven@36d64342]" name="launchBrowser" is-config="true" duration-ms="0" started-at="2020-02-28T14:13:21Z" finished-at="2020-02-28T14:13:21Z">
          <reporter-output>
          </reporter-output>
        </test-method> <!-- launchBrowser -->
        <test-method status="SKIP" signature="launchBrowser()[pri:0, instance:com.examples.Datadriven@36d64342]" name="launchBrowser" is-config="true" duration-ms="0" started-at="2020-02-28T14:13:21Z" finished-at="2020-02-28T14:13:21Z">
          <reporter-output>
          </reporter-output>
        </test-method> <!-- launchBrowser -->
        <test-method status="SKIP" signature="login1(java.lang.String, java.lang.String, java.lang.String)[pri:0, instance:com.examples.Datadriven@36d64342]" name="login1" duration-ms="0" started-at="2020-02-28T14:13:21Z" data-provider="user" finished-at="2020-02-28T14:13:21Z">
          <params>
            <param index="0">
              <value>
                <![CDATA[Bltuser1]]>
              </value>
            </param>
            <param index="1">
              <value>
                <![CDATA[Bltuser@1]]>
              </value>
            </param>
            <param index="2">
              <value>
                <![CDATA[Bltuser1@gmail.com]]>
              </value>
            </param>
          </params>
          <reporter-output>
          </reporter-output>
        </test-method> <!-- login1 -->
        <test-method status="SKIP" signature="login1(java.lang.String, java.lang.String, java.lang.String)[pri:0, instance:com.examples.Datadriven@36d64342]" name="login1" duration-ms="0" started-at="2020-02-28T14:13:21Z" data-provider="user" finished-at="2020-02-28T14:13:21Z">
          <params>
            <param index="0">
              <value>
                <![CDATA[Bltuser2]]>
              </value>
            </param>
            <param index="1">
              <value>
                <![CDATA[Bltuser@2]]>
              </value>
            </param>
            <param index="2">
              <value>
                <![CDATA[Bltuser2@gmail.com]]>
              </value>
            </param>
          </params>
          <reporter-output>
          </reporter-output>
        </test-method> <!-- login1 -->
        <test-method status="SKIP" signature="logout()[pri:0, instance:com.examples.Datadriven@36d64342]" name="logout" is-config="true" duration-ms="0" started-at="2020-02-28T14:13:21Z" finished-at="2020-02-28T14:13:21Z">
          <reporter-output>
          </reporter-output>
        </test-method> <!-- logout -->
        <test-method status="SKIP" signature="closeBrowser()[pri:0, instance:com.examples.Datadriven@36d64342]" name="closeBrowser" is-config="true" duration-ms="0" started-at="2020-02-28T14:13:21Z" finished-at="2020-02-28T14:13:21Z">
          <reporter-output>
          </reporter-output>
        </test-method> <!-- closeBrowser -->
        <test-method status="SKIP" signature="logout()[pri:0, instance:com.examples.Datadriven@36d64342]" name="logout" is-config="true" duration-ms="0" started-at="2020-02-28T14:13:21Z" finished-at="2020-02-28T14:13:21Z">
          <reporter-output>
          </reporter-output>
        </test-method> <!-- logout -->
      </class> <!-- com.examples.Datadriven -->
    </test> <!-- Default test -->
  </suite> <!-- Default suite -->
</testng-results>
